Arguments: 
  C:\Program Files\nodejs\node.exe C:\Users\user\AppData\Roaming\npm\node_modules\yarn\bin\yarn.js set version 0.28.4

PATH: 
  C:\Users\user\bin;C:\Program Files\Git\mingw64\bin;C:\Program Files\Git\usr\local\bin;C:\Program Files\Git\usr\bin;C:\Program Files\Git\usr\bin;C:\Program Files\Git\mingw64\bin;C:\Program Files\Git\usr\bin;C:\Users\user\bin;C:\Program Files (x86)\Common Files\Intel\Shared Libraries\redist\intel64\compiler;C:\Windows\system32;C:\Windows;C:\Windows\System32\Wbem;C:\Windows\System32\WindowsPowerShell\v1.0;C:\Windows\System32\OpenSSH;C:\Program Files (x86)\NVIDIA Corporation\PhysX\Common;C:\Program Files\nodejs;E:\wamp64\bin\mysql\mysql5.7.31\bin;C:\Program Files\Git\cmd;C:\Program Files\PostgreSQL\14\bin;C:\Users\user\AppData\Local\Programs\Python\Python310;C:\Users\user\AppData\Local\Programs\mongosh;C:\Program Files\MongoDB\Server\6.0\bin;C:\Users\user\AppData\Local\Programs\Python\Python310\Scripts;C:\Users\user\AppData\Local\Programs\Python\Python310;C:\Users\user\AppData\Local\Microsoft\WindowsApps;C:\Users\user\AppData\Roaming\npm;C:\Users\user\AppData\Local\Programs\Microsoft VS Code\bin;C:\Users\user\AppData\Local\Programs\mongosh;C:\Users\user\AppData\Local\GitHubDesktop\bin;C:\Program Files\Git\usr\bin\vendor_perl;C:\Program Files\Git\usr\bin\core_perl

Yarn version: 
  1.22.19

Node version: 
  16.16.0

Platform: 
  win32 x64

Trace: 
  Error: Release not found: 0.28.4
      at C:\Users\user\AppData\Roaming\npm\node_modules\yarn\lib\cli.js:86358:17
      at Generator.next (<anonymous>)
      at step (C:\Users\user\AppData\Roaming\npm\node_modules\yarn\lib\cli.js:310:30)
      at C:\Users\user\AppData\Roaming\npm\node_modules\yarn\lib\cli.js:321:13
      at processTicksAndRejections (node:internal/process/task_queues:96:5)

npm manifest: 
  {
    "type": "module",
    "name": "manage-your-finance",
    "version": "1.0.0",
    "description": "",
    "main": "server.js",
    "scripts": {
      "test": "echo \"Error: no test specified\" && exit 1",
      "start": "node server/server.js",
      "server": "nodemon server/server.js",
      "client": "npm run dev --prefix frontend",
      "dev": "concurrently \"npm run server\" \"npm run client\"",
      "build": "npm install"
    },
    "repository": {
      "type": "git",
      "url": "git+https://github.com/Ibranista/manage-your-finance.git"
    },
    "author": "Ibrahim",
    "license": "ISC",
    "bugs": {
      "url": "https://github.com/Ibranista/manage-your-finance/issues"
    },
    "homepage": "https://github.com/Ibranista/manage-your-finance#readme",
    "dependencies": {
      "bcryptjs": "^2.4.3",
      "colors": "^1.4.0",
      "cors": "^2.8.5",
      "dotenv": "^16.0.2",
      "express": "^4.18.1",
      "express-async-handler": "^1.2.0",
      "jsonwebtoken": "^8.5.1",
      "mongoose": "^6.6.7"
    },
    "devDependencies": {
      "babel-cli": "^6.26.0",
      "babel-preset-env": "^1.7.0",
      "babel-preset-stage-0": "^6.24.1",
      "concurrently": "^7.5.0",
      "nodemon": "^2.0.20"
    },
    "engines": {
      "yarn": "0.28.4"
    }
  }

yarn manifest: 
  No manifest

Lockfile: 
  No lockfile
